  boj 15649 N과 M(1).cpp
C:\Users\keyon\OneDrive\Desktop\잔디심기\Algorithm_cpp\boj 15649 N과 M(1).cpp(48,2): error C2678: 이항 '<<': 왼쪽 피연산자로 'std::istream' 형식을 사용하는 연산자가 없거나 허용되는 변환이 없습니다.
  C:\Users\keyon\OneDrive\Desktop\잔디심기\Algorithm_cpp\boj 15649 N과 M(1).cpp(48,2):
  '기본 제공 C++ 연산자<<(int, int)'일 수 있습니다.
  	C:\Users\keyon\OneDrive\Desktop\잔디심기\Algorithm_cpp\boj 15649 N과 M(1).cpp(48,2):
  	'<<': 인수 1을(를) 'std::istream'에서 'int'(으)로 변환할 수 없습니다.
  C:\Program Files\Microsoft Visual Studio\2022\Community\VC\Tools\MSVC\14.39.33519\include\ostream(1080,32):
  또는       'std::basic_ostream<_Elem,_Traits> &std::operator <<(std::basic_ostream<_Elem,_Traits> &,const std::error_code &)'
  	C:\Users\keyon\OneDrive\Desktop\잔디심기\Algorithm_cpp\boj 15649 N과 M(1).cpp(48,2):
  	'std::basic_ostream<_Elem,_Traits> &std::operator <<(std::basic_ostream<_Elem,_Traits> &,const std::error_code &)': 'std::istream'에서 'std::basic_ostream<_Elem,_Traits> &'에 대한 템플릿 인수를 추론할 수 없습니다.
  C:\Program Files\Microsoft Visual Studio\2022\Community\VC\Tools\MSVC\14.39.33519\include\ostream(1003,9):
  또는       '_Ostr &&std::operator <<(_Ostr &&,const _Ty &)'
  	C:\Users\keyon\OneDrive\Desktop\잔디심기\Algorithm_cpp\boj 15649 N과 M(1).cpp(48,2):
  	'_Ostr &&std::operator <<(_Ostr &&,const _Ty &)': '__formal'의 템플릿 인수를 추론할 수 없습니다.
  		C:\Program Files\Microsoft Visual Studio\2022\Community\VC\Tools\MSVC\14.39.33519\include\ostream(1002,103):
  		'<template-parameter>': 참조에 대한 포인터를 만들 수 없습니다.
  C:\Program Files\Microsoft Visual Studio\2022\Community\VC\Tools\MSVC\14.39.33519\include\ostream(945,31):
  또는       'std::basic_ostream<char,_Traits> &std::operator <<(std::basic_ostream<char,_Traits> &,unsigned char)'
  	C:\Users\keyon\OneDrive\Desktop\잔디심기\Algorithm_cpp\boj 15649 N과 M(1).cpp(48,2):
  	'std::basic_ostream<char,_Traits> &std::operator <<(std::basic_ostream<char,_Traits> &,unsigned char)': 'std::istream'에서 'std::basic_ostream<char,_Traits> &'에 대한 템플릿 인수를 추론할 수 없습니다.
  C:\Program Files\Microsoft Visual Studio\2022\Community\VC\Tools\MSVC\14.39.33519\include\ostream(939,31):
  또는       'std::basic_ostream<char,_Traits> &std::operator <<(std::basic_ostream<char,_Traits> &,const unsigned char *)'
  	C:\Users\keyon\OneDrive\Desktop\잔디심기\Algorithm_cpp\boj 15649 N과 M(1).cpp(48,2):
  	'std::basic_ostream<char,_Traits> &std::operator <<(std::basic_ostream<char,_Traits> &,const unsigned char *)': 'std::istream'에서 'std::basic_ostream<char,_Traits> &'에 대한 템플릿 인수를 추론할 수 없습니다.
  C:\Program Files\Microsoft Visual Studio\2022\Community\VC\Tools\MSVC\14.39.33519\include\ostream(934,31):
  또는       'std::basic_ostream<char,_Traits> &std::operator <<(std::basic_ostream<char,_Traits> &,signed char)'
  	C:\Users\keyon\OneDrive\Desktop\잔디심기\Algorithm_cpp\boj 15649 N과 M(1).cpp(48,2):
  	'std::basic_ostream<char,_Traits> &std::operator <<(std::basic_ostream<char,_Traits> &,signed char)': 'std::istream'에서 'std::basic_ostream<char,_Traits> &'에 대한 템플릿 인수를 추론할 수 없습니다.
  C:\Program Files\Microsoft Visual Studio\2022\Community\VC\Tools\MSVC\14.39.33519\include\ostream(928,31):
  또는       'std::basic_ostream<char,_Traits> &std::operator <<(std::basic_ostream<char,_Traits> &,const signed char *)'
  	C:\Users\keyon\OneDrive\Desktop\잔디심기\Algorithm_cpp\boj 15649 N과 M(1).cpp(48,2):
  	'std::basic_ostream<char,_Traits> &std::operator <<(std::basic_ostream<char,_Traits> &,const signed char *)': 'std::istream'에서 'std::basic_ostream<char,_Traits> &'에 대한 템플릿 인수를 추론할 수 없습니다.
  C:\Program Files\Microsoft Visual Studio\2022\Community\VC\Tools\MSVC\14.39.33519\include\ostream(892,32):
  또는       'std::basic_ostream<_Elem,_Traits> &std::operator <<(std::basic_ostream<_Elem,_Traits> &,_Elem)'
  	C:\Users\keyon\OneDrive\Desktop\잔디심기\Algorithm_cpp\boj 15649 N과 M(1).cpp(48,2):
  	'std::basic_ostream<_Elem,_Traits> &std::operator <<(std::basic_ostream<_Elem,_Traits> &,_Elem)': 'std::istream'에서 'std::basic_ostream<_Elem,_Traits> &'에 대한 템플릿 인수를 추론할 수 없습니다.
  C:\Program Files\Microsoft Visual Studio\2022\Community\VC\Tools\MSVC\14.39.33519\include\ostream(849,32):
  또는       'std::basic_ostream<_Elem,_Traits> &std::operator <<(std::basic_ostream<_Elem,_Traits> &,const _Elem *)'
  	C:\Users\keyon\OneDrive\Desktop\잔디심기\Algorithm_cpp\boj 15649 N과 M(1).cpp(48,2):
  	'std::basic_ostream<_Elem,_Traits> &std::operator <<(std::basic_ostream<_Elem,_Traits> &,const _Elem *)': 'std::istream'에서 'std::basic_ostream<_Elem,_Traits> &'에 대한 템플릿 인수를 추론할 수 없습니다.
  C:\Program Files\Microsoft Visual Studio\2022\Community\VC\Tools\MSVC\14.39.33519\include\ostream(811,31):
  또는       'std::basic_ostream<char,_Traits> &std::operator <<(std::basic_ostream<char,_Traits> &,char)'
  	C:\Users\keyon\OneDrive\Desktop\잔디심기\Algorithm_cpp\boj 15649 N과 M(1).cpp(48,2):
  	'std::basic_ostream<char,_Traits> &std::operator <<(std::basic_ostream<char,_Traits> &,char)': 'std::istream'에서 'std::basic_ostream<char,_Traits> &'에 대한 템플릿 인수를 추론할 수 없습니다.
  C:\Program Files\Microsoft Visual Studio\2022\Community\VC\Tools\MSVC\14.39.33519\include\ostream(766,31):
  또는       'std::basic_ostream<char,_Traits> &std::operator <<(std::basic_ostream<char,_Traits> &,const char *)'
  	C:\Users\keyon\OneDrive\Desktop\잔디심기\Algorithm_cpp\boj 15649 N과 M(1).cpp(48,2):
  	'std::basic_ostream<char,_Traits> &std::operator <<(std::basic_ostream<char,_Traits> &,const char *)': 'std::istream'에서 'std::basic_ostream<char,_Traits> &'에 대한 템플릿 인수를 추론할 수 없습니다.
  C:\Program Files\Microsoft Visual Studio\2022\Community\VC\Tools\MSVC\14.39.33519\include\ostream(730,32):
  또는       'std::basic_ostream<_Elem,_Traits> &std::operator <<(std::basic_ostream<_Elem,_Traits> &,char)'
  	C:\Users\keyon\OneDrive\Desktop\잔디심기\Algorithm_cpp\boj 15649 N과 M(1).cpp(48,2):
  	'std::basic_ostream<_Elem,_Traits> &std::operator <<(std::basic_ostream<_Elem,_Traits> &,char)': 'std::istream'에서 'std::basic_ostream<_Elem,_Traits> &'에 대한 템플릿 인수를 추론할 수 없습니다.
  C:\Program Files\Microsoft Visual Studio\2022\Community\VC\Tools\MSVC\14.39.33519\include\ostream(686,32):
  또는       'std::basic_ostream<_Elem,_Traits> &std::operator <<(std::basic_ostream<_Elem,_Traits> &,const char *)'
  	C:\Users\keyon\OneDrive\Desktop\잔디심기\Algorithm_cpp\boj 15649 N과 M(1).cpp(48,2):
  	'std::basic_ostream<_Elem,_Traits> &std::operator <<(std::basic_ostream<_Elem,_Traits> &,const char *)': 'std::istream'에서 'std::basic_ostream<_Elem,_Traits> &'에 대한 템플릿 인수를 추론할 수 없습니다.
  C:\Program Files\Microsoft Visual Studio\2022\Community\VC\Tools\MSVC\14.39.33519\include\memory(3598,32):
  또는       'std::basic_ostream<_Elem,_Traits> &std::operator <<(std::basic_ostream<_Elem,_Traits> &,const std::unique_ptr<_Ty2,_Dx2> &)'
  	C:\Users\keyon\OneDrive\Desktop\잔디심기\Algorithm_cpp\boj 15649 N과 M(1).cpp(48,2):
  	'std::basic_ostream<_Elem,_Traits> &std::operator <<(std::basic_ostream<_Elem,_Traits> &,const std::unique_ptr<_Ty2,_Dx2> &)': 'std::istream'에서 'std::basic_ostream<_Elem,_Traits> &'에 대한 템플릿 인수를 추론할 수 없습니다.
  C:\Program Files\Microsoft Visual Studio\2022\Community\VC\Tools\MSVC\14.39.33519\include\memory(1946,32):
  또는       'std::basic_ostream<_Elem,_Traits> &std::operator <<(std::basic_ostream<_Elem,_Traits> &,const std::shared_ptr<_Ty> &)'
  	C:\Users\keyon\OneDrive\Desktop\잔디심기\Algorithm_cpp\boj 15649 N과 M(1).cpp(48,2):
  	'std::basic_ostream<_Elem,_Traits> &std::operator <<(std::basic_ostream<_Elem,_Traits> &,const std::shared_ptr<_Ty> &)': 'std::istream'에서 'std::basic_ostream<_Elem,_Traits> &'에 대한 템플릿 인수를 추론할 수 없습니다.
  C:\Program Files\Microsoft Visual Studio\2022\Community\VC\Tools\MSVC\14.39.33519\include\xstring(5228,32):
  또는       'std::basic_ostream<_Elem,_Traits> &std::operator <<(std::basic_ostream<_Elem,_Traits> &,const std::basic_string<_Elem,_Traits,_Alloc> &)'
  	C:\Users\keyon\OneDrive\Desktop\잔디심기\Algorithm_cpp\boj 15649 N과 M(1).cpp(48,2):
  	'std::basic_ostream<_Elem,_Traits> &std::operator <<(std::basic_ostream<_Elem,_Traits> &,const std::basic_string<_Elem,_Traits,_Alloc> &)': 'std::istream'에서 'std::basic_ostream<_Elem,_Traits> &'에 대한 템플릿 인수를 추론할 수 없습니다.
  C:\Users\keyon\OneDrive\Desktop\잔디심기\Algorithm_cpp\boj 15649 N과 M(1).cpp(48,2):
  인수 목록 '(std::istream, int)'을(를) 일치시키는 동안
  
